\BOOKMARK [0][-]{chapter.1}{\376\377\000A\000b\000o\000u\000t\000\040\000T\000h\000i\000s\000\040\000D\000o\000c\000u\000m\000e\000n\000t}{}% 1
\BOOKMARK [0][-]{chapter.2}{\376\377\000I\000n\000t\000r\000o\000d\000u\000c\000t\000i\000o\000n}{}% 2
\BOOKMARK [1][-]{section.2.1}{\376\377\000E\000x\000e\000c\000u\000t\000i\000v\000e\000\040\000S\000u\000m\000m\000a\000r\000y}{chapter.2}% 3
\BOOKMARK [2][-]{subsection.2.1.1}{\376\377\000V\000i\000s\000i\000o\000n}{section.2.1}% 4
\BOOKMARK [2][-]{subsection.2.1.2}{\376\377\000M\000i\000s\000s\000i\000o\000n\000\040\000S\000t\000a\000t\000e\000m\000e\000n\000t}{section.2.1}% 5
\BOOKMARK [1][-]{section.2.2}{\376\377\000K\000e\000y\000\040\000O\000b\000j\000e\000c\000t\000i\000v\000e\000s}{chapter.2}% 6
\BOOKMARK [2][-]{subsection.2.2.1}{\376\377\000P\000l\000a\000t\000f\000o\000r\000m\000s\000\040\000a\000n\000d\000\040\000C\000o\000m\000m\000u\000n\000i\000t\000y}{section.2.2}% 7
\BOOKMARK [2][-]{subsection.2.2.2}{\376\377\000L\000i\000b\000r\000a\000r\000y\000\040\000a\000n\000d\000\040\000C\000o\000m\000p\000u\000t\000a\000t\000i\000o\000n\000a\000l\000\040\000E\000c\000o\000s\000y\000s\000t\000e\000m}{section.2.2}% 8
\BOOKMARK [2][-]{subsection.2.2.3}{\376\377\000E\000d\000u\000c\000a\000t\000i\000o\000n\000\040\000a\000n\000d\000\040\000L\000e\000a\000r\000n\000i\000n\000g}{section.2.2}% 9
\BOOKMARK [2][-]{subsection.2.2.4}{\376\377\000L\000i\000c\000e\000n\000s\000e\000s\000\040\000a\000n\000d\000\040\000A\000t\000t\000r\000i\000b\000u\000t\000i\000o\000n}{section.2.2}% 10
\BOOKMARK [2][-]{subsection.2.2.5}{\376\377\000F\000i\000n\000a\000n\000c\000e\000\040\000a\000n\000d\000\040\000S\000u\000s\000t\000a\000i\000n\000a\000b\000i\000l\000i\000t\000y}{section.2.2}% 11
\BOOKMARK [1][-]{section.2.3}{\376\377\000I\000m\000p\000a\000c\000t}{chapter.2}% 12
\BOOKMARK [0][-]{chapter.3}{\376\377\000C\000r\000i\000t\000i\000q\000u\000e}{}% 13
\BOOKMARK [1][-]{section.3.1}{\376\377\000C\000r\000i\000t\000i\000q\000u\000e\000\040\000o\000f\000\040\000C\000u\000r\000r\000e\000n\000t\000\040\000A\000c\000a\000d\000e\000m\000i\000a}{chapter.3}% 14
\BOOKMARK [2][-]{subsection.3.1.1}{\376\377\000C\000r\000i\000t\000i\000q\000u\000e\000\040\000o\000f\000\040\000R\000e\000s\000e\000a\000r\000c\000h}{section.3.1}% 15
\BOOKMARK [0][-]{chapter.4}{\376\377\000D\000e\000c\000e\000n\000t\000r\000a\000l\000i\000z\000a\000t\000i\000o\000n}{}% 16
\BOOKMARK [0][-]{chapter.5}{\376\377\000O\000p\000e\000n\000\040\000C\000o\000l\000l\000a\000b\000o\000r\000a\000t\000i\000o\000n}{}% 17
\BOOKMARK [0][-]{chapter.6}{\376\377\000F\000r\000e\000e\000-\000M\000a\000r\000k\000e\000t\000\040\000f\000o\000r\000\040\000K\000n\000o\000w\000l\000e\000d\000g\000e}{}% 18
\BOOKMARK [0][-]{chapter.7}{\376\377\000E\000c\000o\000s\000y\000s\000t\000e\000m}{}% 19
\BOOKMARK [1][-]{section.7.1}{\376\377\000G\000r\000a\000n\000d\000\040\000V\000i\000e\000w}{chapter.7}% 20
